============================= test session starts ==============================
platform linux -- Python 3.11.5, pytest-7.4.2, pluggy-1.3.0
rootdir: /mnt/c/Users/User/Downloads/IE2-Triangle/test_suit
collected 1 item

test_triangle.py .                                                       [100%]

============================== 1 passed in 0.32s ===============================
Name               Stmts   Miss  Cover   Missing
------------------------------------------------
test_triangle.py       9      1    89%   14
------------------------------------------------
TOTAL                  9      1    89%
Wrote HTML report to initial_statement_html/index.html
Name               Stmts   Miss Branch BrPart  Cover   Missing
--------------------------------------------------------------
test_triangle.py       9      0      2      1    91%   13->exit
--------------------------------------------------------------
TOTAL                  9      0      2      1    91%
Wrote HTML report to initial_decision_html/index.html
[*] Start mutation process:
   - targets: isTriangle
   - tests: test_triangle
[*] 1 tests passed:
   - test_triangle [0.00058 s]
[*] Start mutants generation and execution:
   - [#   1] AOR isTriangle: 
--------------------------------------------------------------------------------
  30:         if b == c:
  31:             trian += 3
  32:         
  33:         if trian == 0:
- 34:             if (a + b <= c or a + c <= b or b + c <= a):
+ 34:             if (a - b <= c or a + c <= b or b + c <= a):
  35:                 return Triangle.Type.INVALID
  36:             else:
  37:                 return Triangle.Type.SCALENE
  38:         
--------------------------------------------------------------------------------
[0.01200 s] survived
   - [#   2] AOR isTriangle: 
--------------------------------------------------------------------------------
  30:         if b == c:
  31:             trian += 3
  32:         
  33:         if trian == 0:
- 34:             if (a + b <= c or a + c <= b or b + c <= a):
+ 34:             if (a + b <= c or a - c <= b or b + c <= a):
  35:                 return Triangle.Type.INVALID
  36:             else:
  37:                 return Triangle.Type.SCALENE
  38:         
--------------------------------------------------------------------------------
[0.01096 s] survived
   - [#   3] AOR isTriangle: 
--------------------------------------------------------------------------------
  30:         if b == c:
  31:             trian += 3
  32:         
  33:         if trian == 0:
- 34:             if (a + b <= c or a + c <= b or b + c <= a):
+ 34:             if (a + b <= c or a + c <= b or b - c <= a):
  35:                 return Triangle.Type.INVALID
  36:             else:
  37:                 return Triangle.Type.SCALENE
  38:         
--------------------------------------------------------------------------------
[0.01106 s] survived
   - [#   4] AOR isTriangle: 
--------------------------------------------------------------------------------
  38:         
  39:         if trian > 3:
  40:             return Triangle.Type.EQUILATERAL
  41:         
- 42:         if (trian == 1 and a + b > c):
+ 42:         if (trian == 1 and a - b > c):
  43:             return Triangle.Type.ISOSCELES
  44:         elif (trian == 2 and a + c > b):
  45:             return Triangle.Type.ISOSCELES
  46:         elif (trian == 3 and b + c > a):
--------------------------------------------------------------------------------
[0.01174 s] survived
   - [#   5] AOR isTriangle: 
--------------------------------------------------------------------------------
  40:             return Triangle.Type.EQUILATERAL
  41:         
  42:         if (trian == 1 and a + b > c):
  43:             return Triangle.Type.ISOSCELES
- 44:         elif (trian == 2 and a + c > b):
+ 44:         elif (trian == 2 and a - c > b):
  45:             return Triangle.Type.ISOSCELES
  46:         elif (trian == 3 and b + c > a):
  47:             return Triangle.Type.ISOSCELES
  48:         
--------------------------------------------------------------------------------
[0.01198 s] survived
   - [#   6] AOR isTriangle: 
--------------------------------------------------------------------------------
  42:         if (trian == 1 and a + b > c):
  43:             return Triangle.Type.ISOSCELES
  44:         elif (trian == 2 and a + c > b):
  45:             return Triangle.Type.ISOSCELES
- 46:         elif (trian == 3 and b + c > a):
+ 46:         elif (trian == 3 and b - c > a):
  47:             return Triangle.Type.ISOSCELES
  48:         
  49:         return Triangle.Type.INVALID
--------------------------------------------------------------------------------
[0.01183 s] survived
   - [#   7] ASR isTriangle: 
--------------------------------------------------------------------------------
  23:         
  24:         trian = 0
  25:         
  26:         if a == b:
- 27:             trian += 1
+ 27:             trian -= 1
  28:         if a == c:
  29:             trian += 2
  30:         if b == c:
  31:             trian += 3
--------------------------------------------------------------------------------
[0.01222 s] survived
   - [#   8] ASR isTriangle: 
--------------------------------------------------------------------------------
  25:         
  26:         if a == b:
  27:             trian += 1
  28:         if a == c:
- 29:             trian += 2
+ 29:             trian -= 2
  30:         if b == c:
  31:             trian += 3
  32:         
  33:         if trian == 0:
--------------------------------------------------------------------------------
[0.03268 s] killed by test1 (test_triangle.TriangleTest.test1)
   - [#   9] ASR isTriangle: 
--------------------------------------------------------------------------------
  27:             trian += 1
  28:         if a == c:
  29:             trian += 2
  30:         if b == c:
- 31:             trian += 3
+ 31:             trian -= 3
  32:         
  33:         if trian == 0:
  34:             if (a + b <= c or a + c <= b or b + c <= a):
  35:                 return Triangle.Type.INVALID
--------------------------------------------------------------------------------
[0.03391 s] killed by test1 (test_triangle.TriangleTest.test1)
   - [#  10] COI isTriangle: 
--------------------------------------------------------------------------------
  17:     def classify(a, b, c):'''
  18:         This static method does the actual classification of a triangle, given the lengths
  19:         of its three sides.
  20:         '''
- 21:         if (a <= 0 or b <= 0 or c <= 0):
+ 21:         if not ((a <= 0 or b <= 0 or c <= 0)):
  22:             return Triangle.Type.INVALID
  23:         
  24:         trian = 0
  25:         
--------------------------------------------------------------------------------
[0.03102 s] killed by test1 (test_triangle.TriangleTest.test1)
   - [#  11] COI isTriangle: 
--------------------------------------------------------------------------------
  22:             return Triangle.Type.INVALID
  23:         
  24:         trian = 0
  25:         
- 26:         if a == b:
+ 26:         if not (a == b):
  27:             trian += 1
  28:         if a == c:
  29:             trian += 2
  30:         if b == c:
--------------------------------------------------------------------------------
[0.01177 s] survived
   - [#  12] COI isTriangle: 
--------------------------------------------------------------------------------
  24:         trian = 0
  25:         
  26:         if a == b:
  27:             trian += 1
- 28:         if a == c:
+ 28:         if not (a == c):
  29:             trian += 2
  30:         if b == c:
  31:             trian += 3
  32:         
--------------------------------------------------------------------------------
[0.01176 s] survived
   - [#  13] COI isTriangle: 
--------------------------------------------------------------------------------
  26:         if a == b:
  27:             trian += 1
  28:         if a == c:
  29:             trian += 2
- 30:         if b == c:
+ 30:         if not (b == c):
  31:             trian += 3
  32:         
  33:         if trian == 0:
  34:             if (a + b <= c or a + c <= b or b + c <= a):
--------------------------------------------------------------------------------
[0.03256 s] killed by test1 (test_triangle.TriangleTest.test1)
   - [#  14] COI isTriangle: 
--------------------------------------------------------------------------------
  29:             trian += 2
  30:         if b == c:
  31:             trian += 3
  32:         
- 33:         if trian == 0:
+ 33:         if not (trian == 0):
  34:             if (a + b <= c or a + c <= b or b + c <= a):
  35:                 return Triangle.Type.INVALID
  36:             else:
  37:                 return Triangle.Type.SCALENE
--------------------------------------------------------------------------------
[0.03159 s] killed by test1 (test_triangle.TriangleTest.test1)
   - [#  15] COI isTriangle: 
--------------------------------------------------------------------------------
  30:         if b == c:
  31:             trian += 3
  32:         
  33:         if trian == 0:
- 34:             if (a + b <= c or a + c <= b or b + c <= a):
+ 34:             if not ((a + b <= c or a + c <= b or b + c <= a)):
  35:                 return Triangle.Type.INVALID
  36:             else:
  37:                 return Triangle.Type.SCALENE
  38:         
--------------------------------------------------------------------------------
[0.01157 s] survived
   - [#  16] COI isTriangle: 
--------------------------------------------------------------------------------
  35:                 return Triangle.Type.INVALID
  36:             else:
  37:                 return Triangle.Type.SCALENE
  38:         
- 39:         if trian > 3:
+ 39:         if not (trian > 3):
  40:             return Triangle.Type.EQUILATERAL
  41:         
  42:         if (trian == 1 and a + b > c):
  43:             return Triangle.Type.ISOSCELES
--------------------------------------------------------------------------------
[0.03334 s] killed by test1 (test_triangle.TriangleTest.test1)
   - [#  17] COI isTriangle: 
--------------------------------------------------------------------------------
  38:         
  39:         if trian > 3:
  40:             return Triangle.Type.EQUILATERAL
  41:         
- 42:         if (trian == 1 and a + b > c):
+ 42:         if not ((trian == 1 and a + b > c)):
  43:             return Triangle.Type.ISOSCELES
  44:         elif (trian == 2 and a + c > b):
  45:             return Triangle.Type.ISOSCELES
  46:         elif (trian == 3 and b + c > a):
--------------------------------------------------------------------------------
[0.01131 s] survived
   - [#  18] COI isTriangle: 
--------------------------------------------------------------------------------
  40:             return Triangle.Type.EQUILATERAL
  41:         
  42:         if (trian == 1 and a + b > c):
  43:             return Triangle.Type.ISOSCELES
- 44:         elif (trian == 2 and a + c > b):
+ 44:         elif not ((trian == 2 and a + c > b)):
  45:             return Triangle.Type.ISOSCELES
  46:         elif (trian == 3 and b + c > a):
  47:             return Triangle.Type.ISOSCELES
  48:         
--------------------------------------------------------------------------------
[0.01204 s] survived
   - [#  19] COI isTriangle: 
--------------------------------------------------------------------------------
  42:         if (trian == 1 and a + b > c):
  43:             return Triangle.Type.ISOSCELES
  44:         elif (trian == 2 and a + c > b):
  45:             return Triangle.Type.ISOSCELES
- 46:         elif (trian == 3 and b + c > a):
+ 46:         elif not ((trian == 3 and b + c > a)):
  47:             return Triangle.Type.ISOSCELES
  48:         
  49:         return Triangle.Type.INVALID
--------------------------------------------------------------------------------
[0.01201 s] survived
   - [#  20] DDL isTriangle: 
--------------------------------------------------------------------------------
  12:         EQUILATERAL = 2
  13:         ISOSCELES = 3
  14:     
  15:     
- 16:     @staticmethod
- 17:     def classify(a, b, c):'''
+ 16:     def classify(a, b, c):
+ 17:         '''
  18:         This static method does the actual classification of a triangle, given the lengths
  19:         of its three sides.
  20:         '''
  21:         if (a <= 0 or b <= 0 or c <= 0):
--------------------------------------------------------------------------------
[0.01194 s] survived
   - [#  21] LCR isTriangle: 
--------------------------------------------------------------------------------
  17:     def classify(a, b, c):'''
  18:         This static method does the actual classification of a triangle, given the lengths
  19:         of its three sides.
  20:         '''
- 21:         if (a <= 0 or b <= 0 or c <= 0):
+ 21:         if (a <= 0 and b <= 0 and c <= 0):
  22:             return Triangle.Type.INVALID
  23:         
  24:         trian = 0
  25:         
--------------------------------------------------------------------------------
[0.01177 s] survived
   - [#  22] LCR isTriangle: 
--------------------------------------------------------------------------------
  30:         if b == c:
  31:             trian += 3
  32:         
  33:         if trian == 0:
- 34:             if (a + b <= c or a + c <= b or b + c <= a):
+ 34:             if (a + b <= c and a + c <= b and b + c <= a):
  35:                 return Triangle.Type.INVALID
  36:             else:
  37:                 return Triangle.Type.SCALENE
  38:         
--------------------------------------------------------------------------------
[0.01179 s] survived
   - [#  23] LCR isTriangle: 
--------------------------------------------------------------------------------
  38:         
  39:         if trian > 3:
  40:             return Triangle.Type.EQUILATERAL
  41:         
- 42:         if (trian == 1 and a + b > c):
+ 42:         if (trian == 1 or a + b > c):
  43:             return Triangle.Type.ISOSCELES
  44:         elif (trian == 2 and a + c > b):
  45:             return Triangle.Type.ISOSCELES
  46:         elif (trian == 3 and b + c > a):
--------------------------------------------------------------------------------
[0.01199 s] survived
   - [#  24] LCR isTriangle: 
--------------------------------------------------------------------------------
  40:             return Triangle.Type.EQUILATERAL
  41:         
  42:         if (trian == 1 and a + b > c):
  43:             return Triangle.Type.ISOSCELES
- 44:         elif (trian == 2 and a + c > b):
+ 44:         elif (trian == 2 or a + c > b):
  45:             return Triangle.Type.ISOSCELES
  46:         elif (trian == 3 and b + c > a):
  47:             return Triangle.Type.ISOSCELES
  48:         
--------------------------------------------------------------------------------
[0.01184 s] survived
   - [#  25] LCR isTriangle: 
--------------------------------------------------------------------------------
  42:         if (trian == 1 and a + b > c):
  43:             return Triangle.Type.ISOSCELES
  44:         elif (trian == 2 and a + c > b):
  45:             return Triangle.Type.ISOSCELES
- 46:         elif (trian == 3 and b + c > a):
+ 46:         elif (trian == 3 or b + c > a):
  47:             return Triangle.Type.ISOSCELES
  48:         
  49:         return Triangle.Type.INVALID
--------------------------------------------------------------------------------
[0.01228 s] survived
   - [#  26] ROR isTriangle: 
--------------------------------------------------------------------------------
  17:     def classify(a, b, c):'''
  18:         This static method does the actual classification of a triangle, given the lengths
  19:         of its three sides.
  20:         '''
- 21:         if (a <= 0 or b <= 0 or c <= 0):
+ 21:         if (a >= 0 or b <= 0 or c <= 0):
  22:             return Triangle.Type.INVALID
  23:         
  24:         trian = 0
  25:         
--------------------------------------------------------------------------------
[0.02358 s] killed by test1 (test_triangle.TriangleTest.test1)
   - [#  27] ROR isTriangle: 
--------------------------------------------------------------------------------
  17:     def classify(a, b, c):'''
  18:         This static method does the actual classification of a triangle, given the lengths
  19:         of its three sides.
  20:         '''
- 21:         if (a <= 0 or b <= 0 or c <= 0):
+ 21:         if (a < 0 or b <= 0 or c <= 0):
  22:             return Triangle.Type.INVALID
  23:         
  24:         trian = 0
  25:         
--------------------------------------------------------------------------------
[0.01201 s] survived
   - [#  28] ROR isTriangle: 
--------------------------------------------------------------------------------
  17:     def classify(a, b, c):'''
  18:         This static method does the actual classification of a triangle, given the lengths
  19:         of its three sides.
  20:         '''
- 21:         if (a <= 0 or b <= 0 or c <= 0):
+ 21:         if (a <= 0 or b >= 0 or c <= 0):
  22:             return Triangle.Type.INVALID
  23:         
  24:         trian = 0
  25:         
--------------------------------------------------------------------------------
[0.03208 s] killed by test1 (test_triangle.TriangleTest.test1)
   - [#  29] ROR isTriangle: 
--------------------------------------------------------------------------------
  17:     def classify(a, b, c):'''
  18:         This static method does the actual classification of a triangle, given the lengths
  19:         of its three sides.
  20:         '''
- 21:         if (a <= 0 or b <= 0 or c <= 0):
+ 21:         if (a <= 0 or b < 0 or c <= 0):
  22:             return Triangle.Type.INVALID
  23:         
  24:         trian = 0
  25:         
--------------------------------------------------------------------------------
[0.01196 s] survived
   - [#  30] ROR isTriangle: 
--------------------------------------------------------------------------------
  17:     def classify(a, b, c):'''
  18:         This static method does the actual classification of a triangle, given the lengths
  19:         of its three sides.
  20:         '''
- 21:         if (a <= 0 or b <= 0 or c <= 0):
+ 21:         if (a <= 0 or b <= 0 or c >= 0):
  22:             return Triangle.Type.INVALID
  23:         
  24:         trian = 0
  25:         
--------------------------------------------------------------------------------
[0.03206 s] killed by test1 (test_triangle.TriangleTest.test1)
   - [#  31] ROR isTriangle: 
--------------------------------------------------------------------------------
  17:     def classify(a, b, c):'''
  18:         This static method does the actual classification of a triangle, given the lengths
  19:         of its three sides.
  20:         '''
- 21:         if (a <= 0 or b <= 0 or c <= 0):
+ 21:         if (a <= 0 or b <= 0 or c < 0):
  22:             return Triangle.Type.INVALID
  23:         
  24:         trian = 0
  25:         
--------------------------------------------------------------------------------
[0.01217 s] survived
   - [#  32] ROR isTriangle: 
--------------------------------------------------------------------------------
  22:             return Triangle.Type.INVALID
  23:         
  24:         trian = 0
  25:         
- 26:         if a == b:
+ 26:         if a != b:
  27:             trian += 1
  28:         if a == c:
  29:             trian += 2
  30:         if b == c:
--------------------------------------------------------------------------------
[0.01208 s] survived
   - [#  33] ROR isTriangle: 
--------------------------------------------------------------------------------
  24:         trian = 0
  25:         
  26:         if a == b:
  27:             trian += 1
- 28:         if a == c:
+ 28:         if a != c:
  29:             trian += 2
  30:         if b == c:
  31:             trian += 3
  32:         
--------------------------------------------------------------------------------
[0.01226 s] survived
   - [#  34] ROR isTriangle: 
--------------------------------------------------------------------------------
  26:         if a == b:
  27:             trian += 1
  28:         if a == c:
  29:             trian += 2
- 30:         if b == c:
+ 30:         if b != c:
  31:             trian += 3
  32:         
  33:         if trian == 0:
  34:             if (a + b <= c or a + c <= b or b + c <= a):
--------------------------------------------------------------------------------
[0.03181 s] killed by test1 (test_triangle.TriangleTest.test1)
   - [#  35] ROR isTriangle: 
--------------------------------------------------------------------------------
  29:             trian += 2
  30:         if b == c:
  31:             trian += 3
  32:         
- 33:         if trian == 0:
+ 33:         if trian != 0:
  34:             if (a + b <= c or a + c <= b or b + c <= a):
  35:                 return Triangle.Type.INVALID
  36:             else:
  37:                 return Triangle.Type.SCALENE
--------------------------------------------------------------------------------
[0.03558 s] killed by test1 (test_triangle.TriangleTest.test1)
   - [#  36] ROR isTriangle: 
--------------------------------------------------------------------------------
  30:         if b == c:
  31:             trian += 3
  32:         
  33:         if trian == 0:
- 34:             if (a + b <= c or a + c <= b or b + c <= a):
+ 34:             if (a + b >= c or a + c <= b or b + c <= a):
  35:                 return Triangle.Type.INVALID
  36:             else:
  37:                 return Triangle.Type.SCALENE
  38:         
--------------------------------------------------------------------------------
[0.01209 s] survived
   - [#  37] ROR isTriangle: 
--------------------------------------------------------------------------------
  30:         if b == c:
  31:             trian += 3
  32:         
  33:         if trian == 0:
- 34:             if (a + b <= c or a + c <= b or b + c <= a):
+ 34:             if (a + b < c or a + c <= b or b + c <= a):
  35:                 return Triangle.Type.INVALID
  36:             else:
  37:                 return Triangle.Type.SCALENE
  38:         
--------------------------------------------------------------------------------
[0.01220 s] survived
   - [#  38] ROR isTriangle: 
--------------------------------------------------------------------------------
  30:         if b == c:
  31:             trian += 3
  32:         
  33:         if trian == 0:
- 34:             if (a + b <= c or a + c <= b or b + c <= a):
+ 34:             if (a + b <= c or a + c >= b or b + c <= a):
  35:                 return Triangle.Type.INVALID
  36:             else:
  37:                 return Triangle.Type.SCALENE
  38:         
--------------------------------------------------------------------------------
[0.01210 s] survived
   - [#  39] ROR isTriangle: 
--------------------------------------------------------------------------------
  30:         if b == c:
  31:             trian += 3
  32:         
  33:         if trian == 0:
- 34:             if (a + b <= c or a + c <= b or b + c <= a):
+ 34:             if (a + b <= c or a + c < b or b + c <= a):
  35:                 return Triangle.Type.INVALID
  36:             else:
  37:                 return Triangle.Type.SCALENE
  38:         
--------------------------------------------------------------------------------
[0.01209 s] survived
   - [#  40] ROR isTriangle: 
--------------------------------------------------------------------------------
  30:         if b == c:
  31:             trian += 3
  32:         
  33:         if trian == 0:
- 34:             if (a + b <= c or a + c <= b or b + c <= a):
+ 34:             if (a + b <= c or a + c <= b or b + c >= a):
  35:                 return Triangle.Type.INVALID
  36:             else:
  37:                 return Triangle.Type.SCALENE
  38:         
--------------------------------------------------------------------------------
[0.01187 s] survived
   - [#  41] ROR isTriangle: 
--------------------------------------------------------------------------------
  30:         if b == c:
  31:             trian += 3
  32:         
  33:         if trian == 0:
- 34:             if (a + b <= c or a + c <= b or b + c <= a):
+ 34:             if (a + b <= c or a + c <= b or b + c < a):
  35:                 return Triangle.Type.INVALID
  36:             else:
  37:                 return Triangle.Type.SCALENE
  38:         
--------------------------------------------------------------------------------
[0.01204 s] survived
   - [#  42] ROR isTriangle: 
--------------------------------------------------------------------------------
  35:                 return Triangle.Type.INVALID
  36:             else:
  37:                 return Triangle.Type.SCALENE
  38:         
- 39:         if trian > 3:
+ 39:         if trian < 3:
  40:             return Triangle.Type.EQUILATERAL
  41:         
  42:         if (trian == 1 and a + b > c):
  43:             return Triangle.Type.ISOSCELES
--------------------------------------------------------------------------------
[0.03183 s] killed by test1 (test_triangle.TriangleTest.test1)
   - [#  43] ROR isTriangle: 
--------------------------------------------------------------------------------
  35:                 return Triangle.Type.INVALID
  36:             else:
  37:                 return Triangle.Type.SCALENE
  38:         
- 39:         if trian > 3:
+ 39:         if trian >= 3:
  40:             return Triangle.Type.EQUILATERAL
  41:         
  42:         if (trian == 1 and a + b > c):
  43:             return Triangle.Type.ISOSCELES
--------------------------------------------------------------------------------
[0.01215 s] survived
   - [#  44] ROR isTriangle: 
--------------------------------------------------------------------------------
  38:         
  39:         if trian > 3:
  40:             return Triangle.Type.EQUILATERAL
  41:         
- 42:         if (trian == 1 and a + b > c):
+ 42:         if (trian != 1 and a + b > c):
  43:             return Triangle.Type.ISOSCELES
  44:         elif (trian == 2 and a + c > b):
  45:             return Triangle.Type.ISOSCELES
  46:         elif (trian == 3 and b + c > a):
--------------------------------------------------------------------------------
[0.01170 s] survived
   - [#  45] ROR isTriangle: 
--------------------------------------------------------------------------------
  38:         
  39:         if trian > 3:
  40:             return Triangle.Type.EQUILATERAL
  41:         
- 42:         if (trian == 1 and a + b > c):
+ 42:         if (trian == 1 and a + b < c):
  43:             return Triangle.Type.ISOSCELES
  44:         elif (trian == 2 and a + c > b):
  45:             return Triangle.Type.ISOSCELES
  46:         elif (trian == 3 and b + c > a):
--------------------------------------------------------------------------------
[0.01186 s] survived
   - [#  46] ROR isTriangle: 
--------------------------------------------------------------------------------
  38:         
  39:         if trian > 3:
  40:             return Triangle.Type.EQUILATERAL
  41:         
- 42:         if (trian == 1 and a + b > c):
+ 42:         if (trian == 1 and a + b >= c):
  43:             return Triangle.Type.ISOSCELES
  44:         elif (trian == 2 and a + c > b):
  45:             return Triangle.Type.ISOSCELES
  46:         elif (trian == 3 and b + c > a):
--------------------------------------------------------------------------------
[0.01243 s] survived
   - [#  47] ROR isTriangle: 
--------------------------------------------------------------------------------
  40:             return Triangle.Type.EQUILATERAL
  41:         
  42:         if (trian == 1 and a + b > c):
  43:             return Triangle.Type.ISOSCELES
- 44:         elif (trian == 2 and a + c > b):
+ 44:         elif (trian != 2 and a + c > b):
  45:             return Triangle.Type.ISOSCELES
  46:         elif (trian == 3 and b + c > a):
  47:             return Triangle.Type.ISOSCELES
  48:         
--------------------------------------------------------------------------------
[0.01199 s] survived
   - [#  48] ROR isTriangle: 
--------------------------------------------------------------------------------
  40:             return Triangle.Type.EQUILATERAL
  41:         
  42:         if (trian == 1 and a + b > c):
  43:             return Triangle.Type.ISOSCELES
- 44:         elif (trian == 2 and a + c > b):
+ 44:         elif (trian == 2 and a + c < b):
  45:             return Triangle.Type.ISOSCELES
  46:         elif (trian == 3 and b + c > a):
  47:             return Triangle.Type.ISOSCELES
  48:         
--------------------------------------------------------------------------------
[0.01210 s] survived
   - [#  49] ROR isTriangle: 
--------------------------------------------------------------------------------
  40:             return Triangle.Type.EQUILATERAL
  41:         
  42:         if (trian == 1 and a + b > c):
  43:             return Triangle.Type.ISOSCELES
- 44:         elif (trian == 2 and a + c > b):
+ 44:         elif (trian == 2 and a + c >= b):
  45:             return Triangle.Type.ISOSCELES
  46:         elif (trian == 3 and b + c > a):
  47:             return Triangle.Type.ISOSCELES
  48:         
--------------------------------------------------------------------------------
[0.01190 s] survived
   - [#  50] ROR isTriangle: 
--------------------------------------------------------------------------------
  42:         if (trian == 1 and a + b > c):
  43:             return Triangle.Type.ISOSCELES
  44:         elif (trian == 2 and a + c > b):
  45:             return Triangle.Type.ISOSCELES
- 46:         elif (trian == 3 and b + c > a):
+ 46:         elif (trian != 3 and b + c > a):
  47:             return Triangle.Type.ISOSCELES
  48:         
  49:         return Triangle.Type.INVALID
--------------------------------------------------------------------------------
[0.01160 s] survived
   - [#  51] ROR isTriangle: 
--------------------------------------------------------------------------------
  42:         if (trian == 1 and a + b > c):
  43:             return Triangle.Type.ISOSCELES
  44:         elif (trian == 2 and a + c > b):
  45:             return Triangle.Type.ISOSCELES
- 46:         elif (trian == 3 and b + c > a):
+ 46:         elif (trian == 3 and b + c < a):
  47:             return Triangle.Type.ISOSCELES
  48:         
  49:         return Triangle.Type.INVALID
--------------------------------------------------------------------------------
[0.01176 s] survived
   - [#  52] ROR isTriangle: 
--------------------------------------------------------------------------------
  42:         if (trian == 1 and a + b > c):
  43:             return Triangle.Type.ISOSCELES
  44:         elif (trian == 2 and a + c > b):
  45:             return Triangle.Type.ISOSCELES
- 46:         elif (trian == 3 and b + c > a):
+ 46:         elif (trian == 3 and b + c >= a):
  47:             return Triangle.Type.ISOSCELES
  48:         
  49:         return Triangle.Type.INVALID
--------------------------------------------------------------------------------
[0.01188 s] survived
[*] Mutation score [3.89232 s]: 23.1%
   - all: 52
   - killed: 12 (23.1%)
   - survived: 40 (76.9%)
   - incompetent: 0 (0.0%)
   - timeout: 0 (0.0%)
[*] Start mutation process:
   - targets: isTriangle
   - tests: test_triangle
[*] 1 tests passed:
   - test_triangle [0.00050 s]
[*] Start mutants generation and execution:
   - [#   1] AOR isTriangle: 
--------------------------------------------------------------------------------
  30:         if b == c:
  31:             trian += 3
  32:         
  33:         if trian == 0:
- 34:             if (a + b <= c or a + c <= b or b + c <= a):
+ 34:             if (a - b <= c or a + c <= b or b + c <= a):
  35:                 return Triangle.Type.INVALID
  36:             else:
  37:                 return Triangle.Type.SCALENE
  38:         
--------------------------------------------------------------------------------
[0.01148 s] survived
   - [#   2] AOR isTriangle: 
--------------------------------------------------------------------------------
  30:         if b == c:
  31:             trian += 3
  32:         
  33:         if trian == 0:
- 34:             if (a + b <= c or a + c <= b or b + c <= a):
+ 34:             if (a + b <= c or a - c <= b or b + c <= a):
  35:                 return Triangle.Type.INVALID
  36:             else:
  37:                 return Triangle.Type.SCALENE
  38:         
--------------------------------------------------------------------------------
[0.01434 s] survived
   - [#   3] AOR isTriangle: 
--------------------------------------------------------------------------------
  30:         if b == c:
  31:             trian += 3
  32:         
  33:         if trian == 0:
- 34:             if (a + b <= c or a + c <= b or b + c <= a):
+ 34:             if (a + b <= c or a + c <= b or b - c <= a):
  35:                 return Triangle.Type.INVALID
  36:             else:
  37:                 return Triangle.Type.SCALENE
  38:         
--------------------------------------------------------------------------------
[0.01241 s] survived
   - [#   4] AOR isTriangle: 
--------------------------------------------------------------------------------
  38:         
  39:         if trian > 3:
  40:             return Triangle.Type.EQUILATERAL
  41:         
- 42:         if (trian == 1 and a + b > c):
+ 42:         if (trian == 1 and a - b > c):
  43:             return Triangle.Type.ISOSCELES
  44:         elif (trian == 2 and a + c > b):
  45:             return Triangle.Type.ISOSCELES
  46:         elif (trian == 3 and b + c > a):
--------------------------------------------------------------------------------
[0.01296 s] survived
   - [#   5] AOR isTriangle: 
--------------------------------------------------------------------------------
  40:             return Triangle.Type.EQUILATERAL
  41:         
  42:         if (trian == 1 and a + b > c):
  43:             return Triangle.Type.ISOSCELES
- 44:         elif (trian == 2 and a + c > b):
+ 44:         elif (trian == 2 and a - c > b):
  45:             return Triangle.Type.ISOSCELES
  46:         elif (trian == 3 and b + c > a):
  47:             return Triangle.Type.ISOSCELES
  48:         
--------------------------------------------------------------------------------
[0.01219 s] survived
   - [#   6] AOR isTriangle: 
--------------------------------------------------------------------------------
  42:         if (trian == 1 and a + b > c):
  43:             return Triangle.Type.ISOSCELES
  44:         elif (trian == 2 and a + c > b):
  45:             return Triangle.Type.ISOSCELES
- 46:         elif (trian == 3 and b + c > a):
+ 46:         elif (trian == 3 and b - c > a):
  47:             return Triangle.Type.ISOSCELES
  48:         
  49:         return Triangle.Type.INVALID
--------------------------------------------------------------------------------
[0.01363 s] survived
   - [#   7] ASR isTriangle: 
--------------------------------------------------------------------------------
  23:         
  24:         trian = 0
  25:         
  26:         if a == b:
- 27:             trian += 1
+ 27:             trian -= 1
  28:         if a == c:
  29:             trian += 2
  30:         if b == c:
  31:             trian += 3
--------------------------------------------------------------------------------
[0.01277 s] survived
   - [#   8] ASR isTriangle: 
--------------------------------------------------------------------------------
  25:         
  26:         if a == b:
  27:             trian += 1
  28:         if a == c:
- 29:             trian += 2
+ 29:             trian -= 2
  30:         if b == c:
  31:             trian += 3
  32:         
  33:         if trian == 0:
--------------------------------------------------------------------------------
[0.03254 s] killed by test1 (test_triangle.TriangleTest.test1)
   - [#   9] ASR isTriangle: 
--------------------------------------------------------------------------------
  27:             trian += 1
  28:         if a == c:
  29:             trian += 2
  30:         if b == c:
- 31:             trian += 3
+ 31:             trian -= 3
  32:         
  33:         if trian == 0:
  34:             if (a + b <= c or a + c <= b or b + c <= a):
  35:                 return Triangle.Type.INVALID
--------------------------------------------------------------------------------
[0.03156 s] killed by test1 (test_triangle.TriangleTest.test1)
   - [#  10] COI isTriangle: 
--------------------------------------------------------------------------------
  17:     def classify(a, b, c):'''
  18:         This static method does the actual classification of a triangle, given the lengths
  19:         of its three sides.
  20:         '''
- 21:         if (a <= 0 or b <= 0 or c <= 0):
+ 21:         if not ((a <= 0 or b <= 0 or c <= 0)):
  22:             return Triangle.Type.INVALID
  23:         
  24:         trian = 0
  25:         
--------------------------------------------------------------------------------
[0.03177 s] killed by test1 (test_triangle.TriangleTest.test1)
   - [#  11] COI isTriangle: 
--------------------------------------------------------------------------------
  22:             return Triangle.Type.INVALID
  23:         
  24:         trian = 0
  25:         
- 26:         if a == b:
+ 26:         if not (a == b):
  27:             trian += 1
  28:         if a == c:
  29:             trian += 2
  30:         if b == c:
--------------------------------------------------------------------------------
[0.01384 s] survived
   - [#  12] COI isTriangle: 
--------------------------------------------------------------------------------
  24:         trian = 0
  25:         
  26:         if a == b:
  27:             trian += 1
- 28:         if a == c:
+ 28:         if not (a == c):
  29:             trian += 2
  30:         if b == c:
  31:             trian += 3
  32:         
--------------------------------------------------------------------------------
[0.01354 s] survived
   - [#  13] COI isTriangle: 
--------------------------------------------------------------------------------
  26:         if a == b:
  27:             trian += 1
  28:         if a == c:
  29:             trian += 2
- 30:         if b == c:
+ 30:         if not (b == c):
  31:             trian += 3
  32:         
  33:         if trian == 0:
  34:             if (a + b <= c or a + c <= b or b + c <= a):
--------------------------------------------------------------------------------
[0.03250 s] killed by test1 (test_triangle.TriangleTest.test1)
   - [#  14] COI isTriangle: 
--------------------------------------------------------------------------------
  29:             trian += 2
  30:         if b == c:
  31:             trian += 3
  32:         
- 33:         if trian == 0:
+ 33:         if not (trian == 0):
  34:             if (a + b <= c or a + c <= b or b + c <= a):
  35:                 return Triangle.Type.INVALID
  36:             else:
  37:                 return Triangle.Type.SCALENE
--------------------------------------------------------------------------------
[0.03324 s] killed by test1 (test_triangle.TriangleTest.test1)
   - [#  15] COI isTriangle: 
--------------------------------------------------------------------------------
  30:         if b == c:
  31:             trian += 3
  32:         
  33:         if trian == 0:
- 34:             if (a + b <= c or a + c <= b or b + c <= a):
+ 34:             if not ((a + b <= c or a + c <= b or b + c <= a)):
  35:                 return Triangle.Type.INVALID
  36:             else:
  37:                 return Triangle.Type.SCALENE
  38:         
--------------------------------------------------------------------------------
[0.01303 s] survived
   - [#  16] COI isTriangle: 
--------------------------------------------------------------------------------
  35:                 return Triangle.Type.INVALID
  36:             else:
  37:                 return Triangle.Type.SCALENE
  38:         
- 39:         if trian > 3:
+ 39:         if not (trian > 3):
  40:             return Triangle.Type.EQUILATERAL
  41:         
  42:         if (trian == 1 and a + b > c):
  43:             return Triangle.Type.ISOSCELES
--------------------------------------------------------------------------------
[0.03291 s] killed by test1 (test_triangle.TriangleTest.test1)
   - [#  17] COI isTriangle: 
--------------------------------------------------------------------------------
  38:         
  39:         if trian > 3:
  40:             return Triangle.Type.EQUILATERAL
  41:         
- 42:         if (trian == 1 and a + b > c):
+ 42:         if not ((trian == 1 and a + b > c)):
  43:             return Triangle.Type.ISOSCELES
  44:         elif (trian == 2 and a + c > b):
  45:             return Triangle.Type.ISOSCELES
  46:         elif (trian == 3 and b + c > a):
--------------------------------------------------------------------------------
[0.01246 s] survived
   - [#  18] COI isTriangle: 
--------------------------------------------------------------------------------
  40:             return Triangle.Type.EQUILATERAL
  41:         
  42:         if (trian == 1 and a + b > c):
  43:             return Triangle.Type.ISOSCELES
- 44:         elif (trian == 2 and a + c > b):
+ 44:         elif not ((trian == 2 and a + c > b)):
  45:             return Triangle.Type.ISOSCELES
  46:         elif (trian == 3 and b + c > a):
  47:             return Triangle.Type.ISOSCELES
  48:         
--------------------------------------------------------------------------------
[0.01171 s] survived
   - [#  19] COI isTriangle: 
--------------------------------------------------------------------------------
  42:         if (trian == 1 and a + b > c):
  43:             return Triangle.Type.ISOSCELES
  44:         elif (trian == 2 and a + c > b):
  45:             return Triangle.Type.ISOSCELES
- 46:         elif (trian == 3 and b + c > a):
+ 46:         elif not ((trian == 3 and b + c > a)):
  47:             return Triangle.Type.ISOSCELES
  48:         
  49:         return Triangle.Type.INVALID
--------------------------------------------------------------------------------
[0.01436 s] survived
   - [#  20] DDL isTriangle: 
--------------------------------------------------------------------------------
  12:         EQUILATERAL = 2
  13:         ISOSCELES = 3
  14:     
  15:     
- 16:     @staticmethod
- 17:     def classify(a, b, c):'''
+ 16:     def classify(a, b, c):
+ 17:         '''
  18:         This static method does the actual classification of a triangle, given the lengths
  19:         of its three sides.
  20:         '''
  21:         if (a <= 0 or b <= 0 or c <= 0):
--------------------------------------------------------------------------------
[0.00854 s] survived
   - [#  21] LCR isTriangle: 
--------------------------------------------------------------------------------
  17:     def classify(a, b, c):'''
  18:         This static method does the actual classification of a triangle, given the lengths
  19:         of its three sides.
  20:         '''
- 21:         if (a <= 0 or b <= 0 or c <= 0):
+ 21:         if (a <= 0 and b <= 0 and c <= 0):
  22:             return Triangle.Type.INVALID
  23:         
  24:         trian = 0
  25:         
--------------------------------------------------------------------------------
[0.00861 s] survived
   - [#  22] LCR isTriangle: 
--------------------------------------------------------------------------------
  30:         if b == c:
  31:             trian += 3
  32:         
  33:         if trian == 0:
- 34:             if (a + b <= c or a + c <= b or b + c <= a):
+ 34:             if (a + b <= c and a + c <= b and b + c <= a):
  35:                 return Triangle.Type.INVALID
  36:             else:
  37:                 return Triangle.Type.SCALENE
  38:         
--------------------------------------------------------------------------------
[0.00923 s] survived
   - [#  23] LCR isTriangle: 
--------------------------------------------------------------------------------
  38:         
  39:         if trian > 3:
  40:             return Triangle.Type.EQUILATERAL
  41:         
- 42:         if (trian == 1 and a + b > c):
+ 42:         if (trian == 1 or a + b > c):
  43:             return Triangle.Type.ISOSCELES
  44:         elif (trian == 2 and a + c > b):
  45:             return Triangle.Type.ISOSCELES
  46:         elif (trian == 3 and b + c > a):
--------------------------------------------------------------------------------
[0.00914 s] survived
   - [#  24] LCR isTriangle: 
--------------------------------------------------------------------------------
  40:             return Triangle.Type.EQUILATERAL
  41:         
  42:         if (trian == 1 and a + b > c):
  43:             return Triangle.Type.ISOSCELES
- 44:         elif (trian == 2 and a + c > b):
+ 44:         elif (trian == 2 or a + c > b):
  45:             return Triangle.Type.ISOSCELES
  46:         elif (trian == 3 and b + c > a):
  47:             return Triangle.Type.ISOSCELES
  48:         
--------------------------------------------------------------------------------
[0.01083 s] survived
   - [#  25] LCR isTriangle: 
--------------------------------------------------------------------------------
  42:         if (trian == 1 and a + b > c):
  43:             return Triangle.Type.ISOSCELES
  44:         elif (trian == 2 and a + c > b):
  45:             return Triangle.Type.ISOSCELES
- 46:         elif (trian == 3 and b + c > a):
+ 46:         elif (trian == 3 or b + c > a):
  47:             return Triangle.Type.ISOSCELES
  48:         
  49:         return Triangle.Type.INVALID
--------------------------------------------------------------------------------
[0.01115 s] survived
   - [#  26] ROR isTriangle: 
--------------------------------------------------------------------------------
  17:     def classify(a, b, c):'''
  18:         This static method does the actual classification of a triangle, given the lengths
  19:         of its three sides.
  20:         '''
- 21:         if (a <= 0 or b <= 0 or c <= 0):
+ 21:         if (a >= 0 or b <= 0 or c <= 0):
  22:             return Triangle.Type.INVALID
  23:         
  24:         trian = 0
  25:         
--------------------------------------------------------------------------------
[0.03322 s] killed by test1 (test_triangle.TriangleTest.test1)
   - [#  27] ROR isTriangle: 
--------------------------------------------------------------------------------
  17:     def classify(a, b, c):'''
  18:         This static method does the actual classification of a triangle, given the lengths
  19:         of its three sides.
  20:         '''
- 21:         if (a <= 0 or b <= 0 or c <= 0):
+ 21:         if (a < 0 or b <= 0 or c <= 0):
  22:             return Triangle.Type.INVALID
  23:         
  24:         trian = 0
  25:         
--------------------------------------------------------------------------------
[0.01283 s] survived
   - [#  28] ROR isTriangle: 
--------------------------------------------------------------------------------
  17:     def classify(a, b, c):'''
  18:         This static method does the actual classification of a triangle, given the lengths
  19:         of its three sides.
  20:         '''
- 21:         if (a <= 0 or b <= 0 or c <= 0):
+ 21:         if (a <= 0 or b >= 0 or c <= 0):
  22:             return Triangle.Type.INVALID
  23:         
  24:         trian = 0
  25:         
--------------------------------------------------------------------------------
[0.03693 s] killed by test1 (test_triangle.TriangleTest.test1)
   - [#  29] ROR isTriangle: 
--------------------------------------------------------------------------------
  17:     def classify(a, b, c):'''
  18:         This static method does the actual classification of a triangle, given the lengths
  19:         of its three sides.
  20:         '''
- 21:         if (a <= 0 or b <= 0 or c <= 0):
+ 21:         if (a <= 0 or b < 0 or c <= 0):
  22:             return Triangle.Type.INVALID
  23:         
  24:         trian = 0
  25:         
--------------------------------------------------------------------------------
[0.00876 s] survived
   - [#  30] ROR isTriangle: 
--------------------------------------------------------------------------------
  17:     def classify(a, b, c):'''
  18:         This static method does the actual classification of a triangle, given the lengths
  19:         of its three sides.
  20:         '''
- 21:         if (a <= 0 or b <= 0 or c <= 0):
+ 21:         if (a <= 0 or b <= 0 or c >= 0):
  22:             return Triangle.Type.INVALID
  23:         
  24:         trian = 0
  25:         
--------------------------------------------------------------------------------
[0.02641 s] killed by test1 (test_triangle.TriangleTest.test1)
   - [#  31] ROR isTriangle: 
--------------------------------------------------------------------------------
  17:     def classify(a, b, c):'''
  18:         This static method does the actual classification of a triangle, given the lengths
  19:         of its three sides.
  20:         '''
- 21:         if (a <= 0 or b <= 0 or c <= 0):
+ 21:         if (a <= 0 or b <= 0 or c < 0):
  22:             return Triangle.Type.INVALID
  23:         
  24:         trian = 0
  25:         
--------------------------------------------------------------------------------
[0.01270 s] survived
   - [#  32] ROR isTriangle: 
--------------------------------------------------------------------------------
  22:             return Triangle.Type.INVALID
  23:         
  24:         trian = 0
  25:         
- 26:         if a == b:
+ 26:         if a != b:
  27:             trian += 1
  28:         if a == c:
  29:             trian += 2
  30:         if b == c:
--------------------------------------------------------------------------------
[0.01230 s] survived
   - [#  33] ROR isTriangle: 
--------------------------------------------------------------------------------
  24:         trian = 0
  25:         
  26:         if a == b:
  27:             trian += 1
- 28:         if a == c:
+ 28:         if a != c:
  29:             trian += 2
  30:         if b == c:
  31:             trian += 3
  32:         
--------------------------------------------------------------------------------
[0.01208 s] survived
   - [#  34] ROR isTriangle: 
--------------------------------------------------------------------------------
  26:         if a == b:
  27:             trian += 1
  28:         if a == c:
  29:             trian += 2
- 30:         if b == c:
+ 30:         if b != c:
  31:             trian += 3
  32:         
  33:         if trian == 0:
  34:             if (a + b <= c or a + c <= b or b + c <= a):
--------------------------------------------------------------------------------
[0.03442 s] killed by test1 (test_triangle.TriangleTest.test1)
   - [#  35] ROR isTriangle: 
--------------------------------------------------------------------------------
  29:             trian += 2
  30:         if b == c:
  31:             trian += 3
  32:         
- 33:         if trian == 0:
+ 33:         if trian != 0:
  34:             if (a + b <= c or a + c <= b or b + c <= a):
  35:                 return Triangle.Type.INVALID
  36:             else:
  37:                 return Triangle.Type.SCALENE
--------------------------------------------------------------------------------
[0.03256 s] killed by test1 (test_triangle.TriangleTest.test1)
   - [#  36] ROR isTriangle: 
--------------------------------------------------------------------------------
  30:         if b == c:
  31:             trian += 3
  32:         
  33:         if trian == 0:
- 34:             if (a + b <= c or a + c <= b or b + c <= a):
+ 34:             if (a + b >= c or a + c <= b or b + c <= a):
  35:                 return Triangle.Type.INVALID
  36:             else:
  37:                 return Triangle.Type.SCALENE
  38:         
--------------------------------------------------------------------------------
[0.01131 s] survived
   - [#  37] ROR isTriangle: 
--------------------------------------------------------------------------------
  30:         if b == c:
  31:             trian += 3
  32:         
  33:         if trian == 0:
- 34:             if (a + b <= c or a + c <= b or b + c <= a):
+ 34:             if (a + b < c or a + c <= b or b + c <= a):
  35:                 return Triangle.Type.INVALID
  36:             else:
  37:                 return Triangle.Type.SCALENE
  38:         
--------------------------------------------------------------------------------
[0.01121 s] survived
   - [#  38] ROR isTriangle: 
--------------------------------------------------------------------------------
  30:         if b == c:
  31:             trian += 3
  32:         
  33:         if trian == 0:
- 34:             if (a + b <= c or a + c <= b or b + c <= a):
+ 34:             if (a + b <= c or a + c >= b or b + c <= a):
  35:                 return Triangle.Type.INVALID
  36:             else:
  37:                 return Triangle.Type.SCALENE
  38:         
--------------------------------------------------------------------------------
[0.01242 s] survived
   - [#  39] ROR isTriangle: 
--------------------------------------------------------------------------------
  30:         if b == c:
  31:             trian += 3
  32:         
  33:         if trian == 0:
- 34:             if (a + b <= c or a + c <= b or b + c <= a):
+ 34:             if (a + b <= c or a + c < b or b + c <= a):
  35:                 return Triangle.Type.INVALID
  36:             else:
  37:                 return Triangle.Type.SCALENE
  38:         
--------------------------------------------------------------------------------
[0.00965 s] survived
   - [#  40] ROR isTriangle: 
--------------------------------------------------------------------------------
  30:         if b == c:
  31:             trian += 3
  32:         
  33:         if trian == 0:
- 34:             if (a + b <= c or a + c <= b or b + c <= a):
+ 34:             if (a + b <= c or a + c <= b or b + c >= a):
  35:                 return Triangle.Type.INVALID
  36:             else:
  37:                 return Triangle.Type.SCALENE
  38:         
--------------------------------------------------------------------------------
[0.00886 s] survived
   - [#  41] ROR isTriangle: 
--------------------------------------------------------------------------------
  30:         if b == c:
  31:             trian += 3
  32:         
  33:         if trian == 0:
- 34:             if (a + b <= c or a + c <= b or b + c <= a):
+ 34:             if (a + b <= c or a + c <= b or b + c < a):
  35:                 return Triangle.Type.INVALID
  36:             else:
  37:                 return Triangle.Type.SCALENE
  38:         
--------------------------------------------------------------------------------
[0.00914 s] survived
   - [#  42] ROR isTriangle: 
--------------------------------------------------------------------------------
  35:                 return Triangle.Type.INVALID
  36:             else:
  37:                 return Triangle.Type.SCALENE
  38:         
- 39:         if trian > 3:
+ 39:         if trian < 3:
  40:             return Triangle.Type.EQUILATERAL
  41:         
  42:         if (trian == 1 and a + b > c):
  43:             return Triangle.Type.ISOSCELES
--------------------------------------------------------------------------------
[0.02434 s] killed by test1 (test_triangle.TriangleTest.test1)
   - [#  43] ROR isTriangle: 
--------------------------------------------------------------------------------
  35:                 return Triangle.Type.INVALID
  36:             else:
  37:                 return Triangle.Type.SCALENE
  38:         
- 39:         if trian > 3:
+ 39:         if trian >= 3:
  40:             return Triangle.Type.EQUILATERAL
  41:         
  42:         if (trian == 1 and a + b > c):
  43:             return Triangle.Type.ISOSCELES
--------------------------------------------------------------------------------
[0.00953 s] survived
   - [#  44] ROR isTriangle: 
--------------------------------------------------------------------------------
  38:         
  39:         if trian > 3:
  40:             return Triangle.Type.EQUILATERAL
  41:         
- 42:         if (trian == 1 and a + b > c):
+ 42:         if (trian != 1 and a + b > c):
  43:             return Triangle.Type.ISOSCELES
  44:         elif (trian == 2 and a + c > b):
  45:             return Triangle.Type.ISOSCELES
  46:         elif (trian == 3 and b + c > a):
--------------------------------------------------------------------------------
[0.00976 s] survived
   - [#  45] ROR isTriangle: 
--------------------------------------------------------------------------------
  38:         
  39:         if trian > 3:
  40:             return Triangle.Type.EQUILATERAL
  41:         
- 42:         if (trian == 1 and a + b > c):
+ 42:         if (trian == 1 and a + b < c):
  43:             return Triangle.Type.ISOSCELES
  44:         elif (trian == 2 and a + c > b):
  45:             return Triangle.Type.ISOSCELES
  46:         elif (trian == 3 and b + c > a):
--------------------------------------------------------------------------------
[0.00951 s] survived
   - [#  46] ROR isTriangle: 
--------------------------------------------------------------------------------
  38:         
  39:         if trian > 3:
  40:             return Triangle.Type.EQUILATERAL
  41:         
- 42:         if (trian == 1 and a + b > c):
+ 42:         if (trian == 1 and a + b >= c):
  43:             return Triangle.Type.ISOSCELES
  44:         elif (trian == 2 and a + c > b):
  45:             return Triangle.Type.ISOSCELES
  46:         elif (trian == 3 and b + c > a):
--------------------------------------------------------------------------------
[0.00952 s] survived
   - [#  47] ROR isTriangle: 
--------------------------------------------------------------------------------
  40:             return Triangle.Type.EQUILATERAL
  41:         
  42:         if (trian == 1 and a + b > c):
  43:             return Triangle.Type.ISOSCELES
- 44:         elif (trian == 2 and a + c > b):
+ 44:         elif (trian != 2 and a + c > b):
  45:             return Triangle.Type.ISOSCELES
  46:         elif (trian == 3 and b + c > a):
  47:             return Triangle.Type.ISOSCELES
  48:         
--------------------------------------------------------------------------------
[0.01027 s] survived
   - [#  48] ROR isTriangle: 
--------------------------------------------------------------------------------
  40:             return Triangle.Type.EQUILATERAL
  41:         
  42:         if (trian == 1 and a + b > c):
  43:             return Triangle.Type.ISOSCELES
- 44:         elif (trian == 2 and a + c > b):
+ 44:         elif (trian == 2 and a + c < b):
  45:             return Triangle.Type.ISOSCELES
  46:         elif (trian == 3 and b + c > a):
  47:             return Triangle.Type.ISOSCELES
  48:         
--------------------------------------------------------------------------------
[0.01066 s] survived
   - [#  49] ROR isTriangle: 
--------------------------------------------------------------------------------
  40:             return Triangle.Type.EQUILATERAL
  41:         
  42:         if (trian == 1 and a + b > c):
  43:             return Triangle.Type.ISOSCELES
- 44:         elif (trian == 2 and a + c > b):
+ 44:         elif (trian == 2 and a + c >= b):
  45:             return Triangle.Type.ISOSCELES
  46:         elif (trian == 3 and b + c > a):
  47:             return Triangle.Type.ISOSCELES
  48:         
--------------------------------------------------------------------------------
[0.01055 s] survived
   - [#  50] ROR isTriangle: 
--------------------------------------------------------------------------------
  42:         if (trian == 1 and a + b > c):
  43:             return Triangle.Type.ISOSCELES
  44:         elif (trian == 2 and a + c > b):
  45:             return Triangle.Type.ISOSCELES
- 46:         elif (trian == 3 and b + c > a):
+ 46:         elif (trian != 3 and b + c > a):
  47:             return Triangle.Type.ISOSCELES
  48:         
  49:         return Triangle.Type.INVALID
--------------------------------------------------------------------------------
[0.01086 s] survived
   - [#  51] ROR isTriangle: 
--------------------------------------------------------------------------------
  42:         if (trian == 1 and a + b > c):
  43:             return Triangle.Type.ISOSCELES
  44:         elif (trian == 2 and a + c > b):
  45:             return Triangle.Type.ISOSCELES
- 46:         elif (trian == 3 and b + c > a):
+ 46:         elif (trian == 3 and b + c < a):
  47:             return Triangle.Type.ISOSCELES
  48:         
  49:         return Triangle.Type.INVALID
--------------------------------------------------------------------------------
[0.01105 s] survived
   - [#  52] ROR isTriangle: 
--------------------------------------------------------------------------------
  42:         if (trian == 1 and a + b > c):
  43:             return Triangle.Type.ISOSCELES
  44:         elif (trian == 2 and a + c > b):
  45:             return Triangle.Type.ISOSCELES
- 46:         elif (trian == 3 and b + c > a):
+ 46:         elif (trian == 3 and b + c >= a):
  47:             return Triangle.Type.ISOSCELES
  48:         
  49:         return Triangle.Type.INVALID
--------------------------------------------------------------------------------
[0.01040 s] survived
[*] Mutation score [5.50554 s]: 23.1%
   - all: 52
   - killed: 12 (23.1%)
   - survived: 40 (76.9%)
   - incompetent: 0 (0.0%)
   - timeout: 0 (0.0%)
